[debug] [2018-03-12T18:00:58.840Z] ----------------------------------------------------------------------
[debug] [2018-03-12T18:00:58.840Z] Command:       C:\Program Files\nodejs\node.exe C:\Users\prodr\AppData\Roaming\npm\node_modules\firebase-tools\bin\firebase serve
[debug] [2018-03-12T18:00:58.840Z] CLI Version:   3.17.6
[debug] [2018-03-12T18:00:58.840Z] Platform:      win32
[debug] [2018-03-12T18:00:58.840Z] Node Version:  v8.9.4
[debug] [2018-03-12T18:00:58.840Z] Time:          Mon Mar 12 2018 13:00:58 GMT-0500 (Central Daylight Time)
[debug] [2018-03-12T18:00:58.840Z] ----------------------------------------------------------------------
[debug] 
[debug] [2018-03-12T18:00:58.856Z] > command requires scopes: ["email","openid","https://www.googleapis.com/auth/cloudplatformprojects.readonly","https://www.googleapis.com/auth/firebase","https://www.googleapis.com/auth/cloud-platform"]
[debug] [2018-03-12T18:00:58.856Z] > authorizing via signed-in user
[debug] [2018-03-12T18:00:58.856Z] > refreshing access token with scopes: ["email","https://www.googleapis.com/auth/cloud-platform","https://www.googleapis.com/auth/cloudplatformprojects.readonly","https://www.googleapis.com/auth/firebase","openid"]
[debug] [2018-03-12T18:00:58.856Z] >>> HTTP REQUEST POST https://www.googleapis.com/oauth2/v3/token  
 { refresh_token: '1/khVh19_U3XsRlhrJtg3uf3PkfOvhOUIdWJxSF9URTH8',
  client_id: '563584335869-fgrhgmd47bqnekij5i8b5pr03ho849e6.apps.googleusercontent.com',
  client_secret: 'j9iVZfS8kkCEFUPaAeJV0sAi',
  grant_type: 'refresh_token',
  scope: 'email https://www.googleapis.com/auth/cloud-platform https://www.googleapis.com/auth/cloudplatformprojects.readonly https://www.googleapis.com/auth/firebase openid' } 
 Mon Mar 12 2018 13:00:58 GMT-0500 (Central Daylight Time)
[debug] [2018-03-12T18:00:59.184Z] <<< HTTP RESPONSE 200
[debug] [2018-03-12T18:00:59.231Z] >>> HTTP REQUEST GET https://admin.firebase.com/v1/projects/xander-train-scheduler  
  
 Mon Mar 12 2018 13:00:59 GMT-0500 (Central Daylight Time)
[debug] [2018-03-12T18:00:59.684Z] <<< HTTP RESPONSE 200
[debug] [2018-03-12T18:00:59.684Z] >>> HTTP REQUEST GET https://admin.firebase.com/v1/database/xander-train-scheduler/tokens  
  
 Mon Mar 12 2018 13:00:59 GMT-0500 (Central Daylight Time)
[debug] [2018-03-12T18:01:00.263Z] <<< HTTP RESPONSE 200
[debug] [2018-03-12T18:01:00.263Z] >>> HTTP REQUEST GET https://cloudresourcemanager.googleapis.com/v1/projects/xander-train-scheduler  
  
 Mon Mar 12 2018 13:01:00 GMT-0500 (Central Daylight Time)
[debug] [2018-03-12T18:01:00.654Z] <<< HTTP RESPONSE 200
[info] 
[info] === Serving from 'C:\Users\prodr\Desktop\xandromus.github.io\train-scheduler'...
[info] 
[debug] [2018-03-12T18:01:00.654Z] >>> HTTP REQUEST GET https://mobilesdk-pa.googleapis.com/v1/projects/879356457846/clients/_:getWebAppConfig  
  
 Mon Mar 12 2018 13:01:00 GMT-0500 (Central Daylight Time)
[debug] [2018-03-12T18:01:01.294Z] <<< HTTP RESPONSE 200
[info] i  hosting: Serving hosting files from: public
[info] +  hosting: Local server: http://localhost:5000

